<?xml version="1.0" encoding="UTF-8"?>
<testng-results skipped="0" failed="0" ignored="0" total="1" passed="1">
  <reporter-output>
  </reporter-output>
  <suite name="Suite" duration-ms="27" started-at="2023-03-10T15:01:47 IST" finished-at="2023-03-10T15:01:47 IST">
    <groups>
    </groups>
    <test name="Test" duration-ms="27" started-at="2023-03-10T15:01:47 IST" finished-at="2023-03-10T15:01:47 IST">
      <class name="practice.PracticeClass1">
        <test-method status="PASS" signature="firstTest()[pri:0, instance:practice.PracticeClass1@1f554b06]" name="firstTest" duration-ms="4" started-at="2023-03-10T15:01:47 IST" finished-at="2023-03-10T15:01:47 IST">
          <reporter-output>
          </reporter-output>
        </test-method> <!-- firstTest -->
      </class> <!-- practice.PracticeClass1 -->
    </test> <!-- Test -->
  </suite> <!-- Suite -->
</testng-results>
