<?xml version="1.0" encoding="UTF-8"?>
<testng-results ignored="0" total="1" passed="1" failed="0" skipped="0">
  <reporter-output>
  </reporter-output>
  <suite started-at="2023-03-10T14:53:06 IST" name="Default suite" finished-at="2023-03-10T14:53:06 IST" duration-ms="31">
    <groups>
    </groups>
    <test started-at="2023-03-10T14:53:06 IST" name="Default test" finished-at="2023-03-10T14:53:06 IST" duration-ms="31">
      <class name="practice.PracticeClass1">
        <test-method signature="firstTest()[pri:0, instance:practice.PracticeClass1@76c3e77a]" started-at="2023-03-10T14:53:06 IST" name="firstTest" finished-at="2023-03-10T14:53:06 IST" duration-ms="5" status="PASS">
          <reporter-output>
          </reporter-output>
        </test-method> <!-- firstTest -->
      </class> <!-- practice.PracticeClass1 -->
    </test> <!-- Default test -->
  </suite> <!-- Default suite -->
</testng-results>
